<?xml version="1.0" encoding="UTF-8"?>
<beans xmlns="http://www.springframework.org/schema/beans"
       xmlns:xsi="http://www.w3.org/2001/XMLSchema-instance"
       xsi:schemaLocation="http://www.springframework.org/schema/beans http://www.springframework.org/schema/beans/spring-beans.xsd">

    <bean id="userService" class="io.spring.toby.user.service.UserService">
        <property name="userDao" ref="userDao"/>
        <property name="userLevelUpgradePolicy" ref="userLevelUpgradePolicy"/>
        <property name="transactionManager" ref="transactionManager"/>
    </bean>

    <bean id="userDao" class="io.spring.toby.user.dao.UserDaoJdbc">
        <property name="dataSource" ref="dataSource"/>
    </bean>

    <bean id="userLevelUpgradePolicy" class="io.spring.toby.user.service.UserLevelUpgradePolicyImpl">
        <property name="userDao" ref="userDao"/>
    </bean>

    <!--  특정 기술의 트랜잭션 관리 클래스를 적용할 때 여기를 수정하면 됨  -->
    <bean id="transactionManager" class="org.springframework.jdbc.datasource.DataSourceTransactionManager">
        <property name="dataSource" ref="dataSource"/>
    </bean>

    <bean id="dataSource" class="org.springframework.jdbc.datasource.SimpleDriverDataSource">
        <property name="driverClass" value="com.mysql.cj.jdbc.Driver"/>
        <property name="url" value="jdbc:mysql://localhost:3306/toby"/>
        <property name="username" value="root"/>
        <property name="password" value="springtest"/>
    </bean>
</beans>